#! /usr/bin/vvp
:ivl_version "11.0 (stable)";
:ivl_delay_selection "TYPICAL";
:vpi_time_precision + 0;
:vpi_module "/usr/lib/x86_64-linux-gnu/ivl/system.vpi";
:vpi_module "/usr/lib/x86_64-linux-gnu/ivl/vhdl_sys.vpi";
:vpi_module "/usr/lib/x86_64-linux-gnu/ivl/vhdl_textio.vpi";
:vpi_module "/usr/lib/x86_64-linux-gnu/ivl/v2005_math.vpi";
:vpi_module "/usr/lib/x86_64-linux-gnu/ivl/va_math.vpi";
S_0x558d15c450f0 .scope module, "tb" "tb" 2 1;
 .timescale 0 0;
v0x558d15c58560_0 .var "en", 0 0;
v0x558d15c58600_0 .var/i "i", 31 0;
v0x558d15c586c0_0 .var "in", 3 0;
v0x558d15c587c0_0 .net "out", 15 0, L_0x558d15c68a40;  1 drivers
S_0x558d15c45280 .scope module, "dut" "dec_4x16" 2 7, 3 1 0, S_0x558d15c450f0;
 .timescale 0 0;
    .port_info 0 /INPUT 1 "en";
    .port_info 1 /INPUT 4 "in";
    .port_info 2 /OUTPUT 16 "out";
L_0x7f903b2a1018 .functor BUFT 1, C4<0000000000000001>, C4<0>, C4<0>, C4<0>;
v0x558d15c0bcf0_0 .net/2s *"_ivl_0", 15 0, L_0x7f903b2a1018;  1 drivers
v0x558d15c58070_0 .net *"_ivl_2", 15 0, L_0x558d15c688d0;  1 drivers
L_0x7f903b2a1060 .functor BUFT 1, C4<0000000000000000>, C4<0>, C4<0>, C4<0>;
v0x558d15c58150_0 .net/2s *"_ivl_4", 15 0, L_0x7f903b2a1060;  1 drivers
v0x558d15c58210_0 .net "en", 0 0, v0x558d15c58560_0;  1 drivers
v0x558d15c582d0_0 .net "in", 3 0, v0x558d15c586c0_0;  1 drivers
v0x558d15c58400_0 .net "out", 15 0, L_0x558d15c68a40;  alias, 1 drivers
L_0x558d15c688d0 .shift/l 16, L_0x7f903b2a1018, v0x558d15c586c0_0;
L_0x558d15c68a40 .functor MUXZ 16, L_0x7f903b2a1060, L_0x558d15c688d0, v0x558d15c58560_0, C4<>;
    .scope S_0x558d15c450f0;
T_0 ;
    %vpi_call 2 14 "$dumpfile", "design.vcd" {0 0 0};
    %vpi_call 2 15 "$dumpvars", 32'sb00000000000000000000000000000000, S_0x558d15c450f0 {0 0 0};
    %pushi/vec4 0, 0, 1;
    %assign/vec4 v0x558d15c58560_0, 0;
    %pushi/vec4 0, 0, 4;
    %assign/vec4 v0x558d15c586c0_0, 0;
    %vpi_call 2 20 "$monitor", "en=%0b in=%4b out=%16b", v0x558d15c58560_0, v0x558d15c586c0_0, v0x558d15c587c0_0 {0 0 0};
    %pushi/vec4 0, 0, 32;
    %store/vec4 v0x558d15c58600_0, 0, 32;
T_0.0 ;
    %load/vec4 v0x558d15c58600_0;
    %cmpi/s 32, 0, 32;
    %jmp/0xz T_0.1, 5;
    %load/vec4 v0x558d15c58600_0;
    %pad/s 5;
    %split/vec4 4;
    %store/vec4 v0x558d15c586c0_0, 0, 4;
    %store/vec4 v0x558d15c58560_0, 0, 1;
    %delay 10, 0;
    %load/vec4 v0x558d15c58600_0;
    %addi 1, 0, 32;
    %store/vec4 v0x558d15c58600_0, 0, 32;
    %jmp T_0.0;
T_0.1 ;
    %end;
    .thread T_0;
# The file index is used to find the file name in the following table.
:file_names 4;
    "N/A";
    "<interactive>";
    "tb.v";
    "design.v";
