#! /usr/bin/vvp
:ivl_version "11.0 (stable)";
:ivl_delay_selection "TYPICAL";
:vpi_time_precision + 0;
:vpi_module "/usr/lib/x86_64-linux-gnu/ivl/system.vpi";
:vpi_module "/usr/lib/x86_64-linux-gnu/ivl/vhdl_sys.vpi";
:vpi_module "/usr/lib/x86_64-linux-gnu/ivl/vhdl_textio.vpi";
:vpi_module "/usr/lib/x86_64-linux-gnu/ivl/v2005_math.vpi";
:vpi_module "/usr/lib/x86_64-linux-gnu/ivl/va_math.vpi";
S_0x5612faeb55c0 .scope module, "tb" "tb" 2 1;
 .timescale 0 0;
v0x5612faecab10_0 .var "a", 0 0;
v0x5612faecabd0_0 .var "b", 0 0;
v0x5612faecaca0_0 .var "c", 0 0;
v0x5612faecada0_0 .var "d", 0 0;
v0x5612faecae70_0 .var "e", 0 0;
v0x5612faecaf10_0 .var/i "i", 31 0;
v0x5612faecafb0_0 .net "z", 0 0, L_0x5612faecb4d0;  1 drivers
S_0x5612faeb5750 .scope module, "dut" "combo" 2 10, 3 1 0, S_0x5612faeb55c0;
 .timescale 0 0;
    .port_info 0 /INPUT 1 "a";
    .port_info 1 /INPUT 1 "b";
    .port_info 2 /INPUT 1 "c";
    .port_info 3 /INPUT 1 "d";
    .port_info 4 /INPUT 1 "e";
    .port_info 5 /OUTPUT 1 "z";
L_0x5612faecb080 .functor AND 1, v0x5612faecab10_0, v0x5612faecabd0_0, C4<1>, C4<1>;
L_0x5612faecb1c0 .functor XOR 1, v0x5612faecaca0_0, v0x5612faecada0_0, C4<0>, C4<0>;
L_0x5612faecb2d0 .functor NOT 1, v0x5612faecae70_0, C4<0>, C4<0>, C4<0>;
L_0x5612faecb390 .functor AND 1, L_0x5612faecb1c0, L_0x5612faecb2d0, C4<1>, C4<1>;
L_0x5612faecb4d0 .functor OR 1, L_0x5612faecb080, L_0x5612faecb390, C4<0>, C4<0>;
v0x5612faea4e20_0 .net *"_ivl_0", 0 0, L_0x5612faecb080;  1 drivers
v0x5612faeca300_0 .net *"_ivl_2", 0 0, L_0x5612faecb1c0;  1 drivers
v0x5612faeca3e0_0 .net *"_ivl_4", 0 0, L_0x5612faecb2d0;  1 drivers
v0x5612faeca4a0_0 .net *"_ivl_6", 0 0, L_0x5612faecb390;  1 drivers
v0x5612faeca580_0 .net "a", 0 0, v0x5612faecab10_0;  1 drivers
v0x5612faeca690_0 .net "b", 0 0, v0x5612faecabd0_0;  1 drivers
v0x5612faeca750_0 .net "c", 0 0, v0x5612faecaca0_0;  1 drivers
v0x5612faeca810_0 .net "d", 0 0, v0x5612faecada0_0;  1 drivers
v0x5612faeca8d0_0 .net "e", 0 0, v0x5612faecae70_0;  1 drivers
v0x5612faeca990_0 .net "z", 0 0, L_0x5612faecb4d0;  alias, 1 drivers
    .scope S_0x5612faeb55c0;
T_0 ;
    %pushi/vec4 0, 0, 1;
    %assign/vec4 v0x5612faecab10_0, 0;
    %pushi/vec4 0, 0, 1;
    %assign/vec4 v0x5612faecabd0_0, 0;
    %pushi/vec4 0, 0, 1;
    %assign/vec4 v0x5612faecaca0_0, 0;
    %pushi/vec4 0, 0, 1;
    %assign/vec4 v0x5612faecada0_0, 0;
    %pushi/vec4 0, 0, 1;
    %assign/vec4 v0x5612faecae70_0, 0;
    %vpi_call 2 26 "$dumpfile", "design.vcd" {0 0 0};
    %vpi_call 2 27 "$dumpvars", 32'sb00000000000000000000000000000000, S_0x5612faeb55c0 {0 0 0};
    %vpi_call 2 29 "$monitor", "a=%0b b=%0b c=%0b d=%0b e=%0b z=%0b", v0x5612faecab10_0, v0x5612faecabd0_0, v0x5612faecaca0_0, v0x5612faecada0_0, v0x5612faecae70_0, v0x5612faecafb0_0 {0 0 0};
    %pushi/vec4 0, 0, 32;
    %store/vec4 v0x5612faecaf10_0, 0, 32;
T_0.0 ;
    %load/vec4 v0x5612faecaf10_0;
    %cmpi/s 32, 0, 32;
    %jmp/0xz T_0.1, 5;
    %load/vec4 v0x5612faecaf10_0;
    %pad/s 5;
    %split/vec4 1;
    %store/vec4 v0x5612faecae70_0, 0, 1;
    %split/vec4 1;
    %store/vec4 v0x5612faecada0_0, 0, 1;
    %split/vec4 1;
    %store/vec4 v0x5612faecaca0_0, 0, 1;
    %split/vec4 1;
    %store/vec4 v0x5612faecabd0_0, 0, 1;
    %store/vec4 v0x5612faecab10_0, 0, 1;
    %delay 10, 0;
    %load/vec4 v0x5612faecaf10_0;
    %addi 1, 0, 32;
    %store/vec4 v0x5612faecaf10_0, 0, 32;
    %jmp T_0.0;
T_0.1 ;
    %end;
    .thread T_0;
# The file index is used to find the file name in the following table.
:file_names 4;
    "N/A";
    "<interactive>";
    "tb.v";
    "design.v";
