#! /usr/bin/vvp
:ivl_version "11.0 (stable)";
:ivl_delay_selection "TYPICAL";
:vpi_time_precision + 0;
:vpi_module "/usr/lib/x86_64-linux-gnu/ivl/system.vpi";
:vpi_module "/usr/lib/x86_64-linux-gnu/ivl/vhdl_sys.vpi";
:vpi_module "/usr/lib/x86_64-linux-gnu/ivl/vhdl_textio.vpi";
:vpi_module "/usr/lib/x86_64-linux-gnu/ivl/v2005_math.vpi";
:vpi_module "/usr/lib/x86_64-linux-gnu/ivl/va_math.vpi";
S_0x55745a032680 .scope module, "tb" "tb" 2 1;
 .timescale 0 0;
v0x55745a0473f0_0 .var "a", 0 0;
v0x55745a0474b0_0 .var "b", 0 0;
v0x55745a047550_0 .var "cin", 0 0;
v0x55745a047650_0 .net "cout", 0 0, L_0x55745a047da0;  1 drivers
v0x55745a047720_0 .var/i "i", 31 0;
v0x55745a0477c0_0 .net "sum", 0 0, L_0x55745a0479a0;  1 drivers
S_0x55745a032810 .scope module, "dut" "fa" 2 9, 3 1 0, S_0x55745a032680;
 .timescale 0 0;
    .port_info 0 /INPUT 1 "a";
    .port_info 1 /INPUT 1 "b";
    .port_info 2 /INPUT 1 "cin";
    .port_info 3 /OUTPUT 1 "sum";
    .port_info 4 /OUTPUT 1 "cout";
L_0x55745a047860 .functor XOR 1, v0x55745a0473f0_0, v0x55745a0474b0_0, C4<0>, C4<0>;
L_0x55745a0479a0 .functor XOR 1, L_0x55745a047860, v0x55745a047550_0, C4<0>, C4<0>;
L_0x55745a047b00 .functor AND 1, v0x55745a0473f0_0, v0x55745a0474b0_0, C4<1>, C4<1>;
L_0x55745a047b70 .functor XOR 1, v0x55745a0473f0_0, v0x55745a0474b0_0, C4<0>, C4<0>;
L_0x55745a047d30 .functor AND 1, L_0x55745a047b70, v0x55745a047550_0, C4<1>, C4<1>;
L_0x55745a047da0 .functor OR 1, L_0x55745a047b00, L_0x55745a047d30, C4<0>, C4<0>;
v0x55745a0329f0_0 .net *"_ivl_0", 0 0, L_0x55745a047860;  1 drivers
v0x55745a046cc0_0 .net *"_ivl_4", 0 0, L_0x55745a047b00;  1 drivers
v0x55745a046da0_0 .net *"_ivl_6", 0 0, L_0x55745a047b70;  1 drivers
v0x55745a046e60_0 .net *"_ivl_8", 0 0, L_0x55745a047d30;  1 drivers
v0x55745a046f40_0 .net "a", 0 0, v0x55745a0473f0_0;  1 drivers
v0x55745a047050_0 .net "b", 0 0, v0x55745a0474b0_0;  1 drivers
v0x55745a047110_0 .net "cin", 0 0, v0x55745a047550_0;  1 drivers
v0x55745a0471d0_0 .net "cout", 0 0, L_0x55745a047da0;  alias, 1 drivers
v0x55745a047290_0 .net "sum", 0 0, L_0x55745a0479a0;  alias, 1 drivers
    .scope S_0x55745a032680;
T_0 ;
    %vpi_call 2 18 "$dumpfile", "design.vcd" {0 0 0};
    %vpi_call 2 19 "$dumpvars", 32'sb00000000000000000000000000000000, S_0x55745a032680 {0 0 0};
    %pushi/vec4 0, 0, 1;
    %assign/vec4 v0x55745a0473f0_0, 0;
    %pushi/vec4 0, 0, 1;
    %assign/vec4 v0x55745a0474b0_0, 0;
    %pushi/vec4 0, 0, 1;
    %assign/vec4 v0x55745a047550_0, 0;
    %vpi_call 2 25 "$monitor", "a=%0b b=%0b cin=%0b sum=%0b cout=%0b", v0x55745a0473f0_0, v0x55745a0474b0_0, v0x55745a047550_0, v0x55745a0477c0_0, v0x55745a047650_0 {0 0 0};
    %pushi/vec4 0, 0, 32;
    %store/vec4 v0x55745a047720_0, 0, 32;
T_0.0 ;
    %load/vec4 v0x55745a047720_0;
    %cmpi/s 8, 0, 32;
    %jmp/0xz T_0.1, 5;
    %load/vec4 v0x55745a047720_0;
    %pad/s 3;
    %split/vec4 1;
    %store/vec4 v0x55745a047550_0, 0, 1;
    %split/vec4 1;
    %store/vec4 v0x55745a0474b0_0, 0, 1;
    %store/vec4 v0x55745a0473f0_0, 0, 1;
    %delay 10, 0;
    %load/vec4 v0x55745a047720_0;
    %addi 1, 0, 32;
    %store/vec4 v0x55745a047720_0, 0, 32;
    %jmp T_0.0;
T_0.1 ;
    %end;
    .thread T_0;
# The file index is used to find the file name in the following table.
:file_names 4;
    "N/A";
    "<interactive>";
    "tb.v";
    "design.v";
