#! /usr/bin/vvp
:ivl_version "11.0 (stable)";
:ivl_delay_selection "TYPICAL";
:vpi_time_precision + 0;
:vpi_module "/usr/lib/x86_64-linux-gnu/ivl/system.vpi";
:vpi_module "/usr/lib/x86_64-linux-gnu/ivl/vhdl_sys.vpi";
:vpi_module "/usr/lib/x86_64-linux-gnu/ivl/vhdl_textio.vpi";
:vpi_module "/usr/lib/x86_64-linux-gnu/ivl/v2005_math.vpi";
:vpi_module "/usr/lib/x86_64-linux-gnu/ivl/va_math.vpi";
S_0x559b73a5f1c0 .scope module, "tb" "tb" 2 1;
 .timescale 0 0;
v0x559b73a74380_0 .var "clk", 0 0;
v0x559b73a74440_0 .var "dly", 2 0;
v0x559b73a74500_0 .var/i "i", 31 0;
v0x559b73a745f0_0 .var "j", 0 0;
v0x559b73a746c0_0 .var "k", 0 0;
v0x559b73a747b0_0 .net "q", 0 0, v0x559b73a74110_0;  1 drivers
v0x559b73a74880_0 .var "rstn", 0 0;
S_0x559b73a5f350 .scope module, "dut" "jk_ff" 2 12, 3 1 0, S_0x559b73a5f1c0;
 .timescale 0 0;
    .port_info 0 /INPUT 1 "clk";
    .port_info 1 /INPUT 1 "rstn";
    .port_info 2 /INPUT 1 "j";
    .port_info 3 /INPUT 1 "k";
    .port_info 4 /OUTPUT 1 "q";
v0x559b73a26ba0_0 .net "clk", 0 0, v0x559b73a74380_0;  1 drivers
v0x559b73a73f80_0 .net "j", 0 0, v0x559b73a745f0_0;  1 drivers
v0x559b73a74040_0 .net "k", 0 0, v0x559b73a746c0_0;  1 drivers
v0x559b73a74110_0 .var "q", 0 0;
v0x559b73a741d0_0 .net "rstn", 0 0, v0x559b73a74880_0;  1 drivers
E_0x559b73a256d0/0 .event negedge, v0x559b73a741d0_0;
E_0x559b73a256d0/1 .event posedge, v0x559b73a26ba0_0;
E_0x559b73a256d0 .event/or E_0x559b73a256d0/0, E_0x559b73a256d0/1;
    .scope S_0x559b73a5f350;
T_0 ;
    %wait E_0x559b73a256d0;
    %load/vec4 v0x559b73a741d0_0;
    %nor/r;
    %flag_set/vec4 8;
    %jmp/0xz  T_0.0, 8;
    %pushi/vec4 0, 0, 1;
    %assign/vec4 v0x559b73a74110_0, 0;
    %jmp T_0.1;
T_0.0 ;
    %load/vec4 v0x559b73a73f80_0;
    %load/vec4 v0x559b73a74110_0;
    %inv;
    %and;
    %load/vec4 v0x559b73a74040_0;
    %inv;
    %load/vec4 v0x559b73a74110_0;
    %and;
    %or;
    %assign/vec4 v0x559b73a74110_0, 0;
T_0.1 ;
    %jmp T_0;
    .thread T_0;
    .scope S_0x559b73a5f1c0;
T_1 ;
    %delay 5, 0;
    %load/vec4 v0x559b73a74380_0;
    %inv;
    %store/vec4 v0x559b73a74380_0, 0, 1;
    %jmp T_1;
    .thread T_1;
    .scope S_0x559b73a5f1c0;
T_2 ;
    %vpi_call 2 21 "$dumpfile", "design.vcd" {0 0 0};
    %vpi_call 2 22 "$dumpvars", 32'sb00000000000000000000000000000000, S_0x559b73a5f1c0 {0 0 0};
    %pushi/vec4 0, 0, 4;
    %split/vec4 1;
    %assign/vec4 v0x559b73a746c0_0, 0;
    %split/vec4 1;
    %assign/vec4 v0x559b73a745f0_0, 0;
    %split/vec4 1;
    %assign/vec4 v0x559b73a74880_0, 0;
    %assign/vec4 v0x559b73a74380_0, 0;
    %delay 10, 0;
    %pushi/vec4 1, 0, 1;
    %assign/vec4 v0x559b73a74880_0, 0;
    %pushi/vec4 0, 0, 32;
    %store/vec4 v0x559b73a74500_0, 0, 32;
T_2.0 ;
    %load/vec4 v0x559b73a74500_0;
    %cmpi/s 10, 0, 32;
    %jmp/0xz T_2.1, 5;
    %vpi_func 2 28 "$random" 32 {0 0 0};
    %pad/s 3;
    %store/vec4 v0x559b73a74440_0, 0, 3;
    %load/vec4 v0x559b73a74440_0;
    %pad/u 64;
    %muli 1, 0, 64;
    %ix/vec4 4;
    %delayx 4;
    %vpi_func 2 29 "$random" 32 {0 0 0};
    %pad/s 1;
    %assign/vec4 v0x559b73a745f0_0, 0;
    %load/vec4 v0x559b73a74440_0;
    %pad/u 64;
    %muli 1, 0, 64;
    %ix/vec4 4;
    %delayx 4;
    %vpi_func 2 30 "$random" 32 {0 0 0};
    %pad/s 1;
    %assign/vec4 v0x559b73a746c0_0, 0;
    %load/vec4 v0x559b73a74500_0;
    %addi 1, 0, 32;
    %store/vec4 v0x559b73a74500_0, 0, 32;
    %jmp T_2.0;
T_2.1 ;
    %delay 20, 0;
    %vpi_call 2 33 "$finish" {0 0 0};
    %end;
    .thread T_2;
# The file index is used to find the file name in the following table.
:file_names 4;
    "N/A";
    "<interactive>";
    "tb.v";
    "design.v";
