#! /usr/bin/vvp
:ivl_version "11.0 (stable)";
:ivl_delay_selection "TYPICAL";
:vpi_time_precision + 0;
:vpi_module "/usr/lib/x86_64-linux-gnu/ivl/system.vpi";
:vpi_module "/usr/lib/x86_64-linux-gnu/ivl/vhdl_sys.vpi";
:vpi_module "/usr/lib/x86_64-linux-gnu/ivl/vhdl_textio.vpi";
:vpi_module "/usr/lib/x86_64-linux-gnu/ivl/v2005_math.vpi";
:vpi_module "/usr/lib/x86_64-linux-gnu/ivl/va_math.vpi";
S_0x55b8c475f000 .scope module, "tb" "tb" 2 1;
 .timescale 0 0;
v0x55b8c4770150_0 .var "clk", 0 0;
v0x55b8c4770220_0 .net "out", 3 0, v0x55b8c476ff50_0;  1 drivers
v0x55b8c47702f0_0 .var "rstn", 0 0;
S_0x55b8c475f190 .scope module, "dut" "mod10_counter" 2 6, 3 1 0, S_0x55b8c475f000;
 .timescale 0 0;
    .port_info 0 /INPUT 1 "clk";
    .port_info 1 /INPUT 1 "rstn";
    .port_info 2 /OUTPUT 4 "out";
v0x55b8c4726ba0_0 .net "clk", 0 0, v0x55b8c4770150_0;  1 drivers
v0x55b8c476ff50_0 .var "out", 3 0;
v0x55b8c4770030_0 .net "rstn", 0 0, v0x55b8c47702f0_0;  1 drivers
E_0x55b8c475d9e0/0 .event negedge, v0x55b8c4770030_0;
E_0x55b8c475d9e0/1 .event posedge, v0x55b8c4726ba0_0;
E_0x55b8c475d9e0 .event/or E_0x55b8c475d9e0/0, E_0x55b8c475d9e0/1;
    .scope S_0x55b8c475f190;
T_0 ;
    %wait E_0x55b8c475d9e0;
    %load/vec4 v0x55b8c4770030_0;
    %nor/r;
    %flag_set/vec4 8;
    %jmp/0xz  T_0.0, 8;
    %pushi/vec4 0, 0, 4;
    %assign/vec4 v0x55b8c476ff50_0, 0;
    %jmp T_0.1;
T_0.0 ;
    %load/vec4 v0x55b8c476ff50_0;
    %pad/u 32;
    %cmpi/e 10, 0, 32;
    %jmp/0xz  T_0.2, 4;
    %pushi/vec4 0, 0, 4;
    %assign/vec4 v0x55b8c476ff50_0, 0;
    %jmp T_0.3;
T_0.2 ;
    %load/vec4 v0x55b8c476ff50_0;
    %addi 1, 0, 4;
    %assign/vec4 v0x55b8c476ff50_0, 0;
T_0.3 ;
T_0.1 ;
    %jmp T_0;
    .thread T_0;
    .scope S_0x55b8c475f000;
T_1 ;
    %delay 5, 0;
    %load/vec4 v0x55b8c4770150_0;
    %inv;
    %store/vec4 v0x55b8c4770150_0, 0, 1;
    %jmp T_1;
    .thread T_1;
    .scope S_0x55b8c475f000;
T_2 ;
    %vpi_call 2 15 "$dumpfile", "design.vcd" {0 0 0};
    %vpi_call 2 16 "$dumpvars", 32'sb00000000000000000000000000000000, S_0x55b8c475f000 {0 0 0};
    %pushi/vec4 0, 0, 2;
    %split/vec4 1;
    %assign/vec4 v0x55b8c47702f0_0, 0;
    %assign/vec4 v0x55b8c4770150_0, 0;
    %delay 10, 0;
    %pushi/vec4 1, 0, 1;
    %assign/vec4 v0x55b8c47702f0_0, 0;
    %delay 400, 0;
    %vpi_call 2 21 "$finish" {0 0 0};
    %end;
    .thread T_2;
# The file index is used to find the file name in the following table.
:file_names 4;
    "N/A";
    "<interactive>";
    "tb.v";
    "design.v";
