#! /usr/bin/vvp
:ivl_version "11.0 (stable)";
:ivl_delay_selection "TYPICAL";
:vpi_time_precision + 0;
:vpi_module "/usr/lib/x86_64-linux-gnu/ivl/system.vpi";
:vpi_module "/usr/lib/x86_64-linux-gnu/ivl/vhdl_sys.vpi";
:vpi_module "/usr/lib/x86_64-linux-gnu/ivl/vhdl_textio.vpi";
:vpi_module "/usr/lib/x86_64-linux-gnu/ivl/v2005_math.vpi";
:vpi_module "/usr/lib/x86_64-linux-gnu/ivl/va_math.vpi";
S_0x55cb5ddcb060 .scope module, "tb" "tb" 2 1;
 .timescale 0 0;
v0x55cb5dddeb50_0 .var "clk", 0 0;
v0x55cb5dddec10_0 .var "d", 0 0;
v0x55cb5dddece0_0 .var/i "i", 31 0;
v0x55cb5dddedb0_0 .net "out", 3 0, v0x55cb5ddde8f0_0;  1 drivers
v0x55cb5dddee80_0 .var "rstn", 0 0;
E_0x55cb5dd911f0 .event posedge, v0x55cb5ddb8d40_0;
S_0x55cb5ddcb1f0 .scope module, "dut" "lshift_4b_reg" 2 8, 3 1 0, S_0x55cb5ddcb060;
 .timescale 0 0;
    .port_info 0 /INPUT 1 "clk";
    .port_info 1 /INPUT 1 "rstn";
    .port_info 2 /INPUT 1 "d";
    .port_info 3 /OUTPUT 4 "out";
v0x55cb5ddb8d40_0 .net "clk", 0 0, v0x55cb5dddeb50_0;  1 drivers
v0x55cb5ddde830_0 .net "d", 0 0, v0x55cb5dddec10_0;  1 drivers
v0x55cb5ddde8f0_0 .var "out", 3 0;
v0x55cb5ddde9e0_0 .net "rstn", 0 0, v0x55cb5dddee80_0;  1 drivers
E_0x55cb5dd916d0/0 .event negedge, v0x55cb5ddde9e0_0;
E_0x55cb5dd916d0/1 .event posedge, v0x55cb5ddb8d40_0;
E_0x55cb5dd916d0 .event/or E_0x55cb5dd916d0/0, E_0x55cb5dd916d0/1;
    .scope S_0x55cb5ddcb1f0;
T_0 ;
    %wait E_0x55cb5dd916d0;
    %load/vec4 v0x55cb5ddde9e0_0;
    %nor/r;
    %flag_set/vec4 8;
    %jmp/0xz  T_0.0, 8;
    %pushi/vec4 0, 0, 4;
    %assign/vec4 v0x55cb5ddde8f0_0, 0;
    %jmp T_0.1;
T_0.0 ;
    %load/vec4 v0x55cb5ddde8f0_0;
    %parti/s 3, 0, 2;
    %load/vec4 v0x55cb5ddde830_0;
    %concat/vec4; draw_concat_vec4
    %assign/vec4 v0x55cb5ddde8f0_0, 0;
T_0.1 ;
    %jmp T_0;
    .thread T_0;
    .scope S_0x55cb5ddcb060;
T_1 ;
    %delay 5, 0;
    %load/vec4 v0x55cb5dddeb50_0;
    %inv;
    %store/vec4 v0x55cb5dddeb50_0, 0, 1;
    %jmp T_1;
    .thread T_1;
    .scope S_0x55cb5ddcb060;
T_2 ;
    %vpi_call 2 18 "$dumpfile", "design.vcd" {0 0 0};
    %vpi_call 2 19 "$dumpvars", 32'sb00000000000000000000000000000000, S_0x55cb5ddcb060 {0 0 0};
    %pushi/vec4 0, 0, 3;
    %split/vec4 1;
    %assign/vec4 v0x55cb5dddec10_0, 0;
    %split/vec4 1;
    %assign/vec4 v0x55cb5dddee80_0, 0;
    %assign/vec4 v0x55cb5dddeb50_0, 0;
    %delay 10, 0;
    %pushi/vec4 1, 0, 1;
    %assign/vec4 v0x55cb5dddee80_0, 0;
    %pushi/vec4 0, 0, 32;
    %store/vec4 v0x55cb5dddece0_0, 0, 32;
T_2.0 ;
    %load/vec4 v0x55cb5dddece0_0;
    %cmpi/s 20, 0, 32;
    %jmp/0xz T_2.1, 5;
    %wait E_0x55cb5dd911f0;
    %vpi_func 2 25 "$random" 32 {0 0 0};
    %pad/s 1;
    %assign/vec4 v0x55cb5dddec10_0, 0;
    %load/vec4 v0x55cb5dddece0_0;
    %addi 1, 0, 32;
    %store/vec4 v0x55cb5dddece0_0, 0, 32;
    %jmp T_2.0;
T_2.1 ;
    %delay 10, 0;
    %vpi_call 2 28 "$finish" {0 0 0};
    %end;
    .thread T_2;
# The file index is used to find the file name in the following table.
:file_names 4;
    "N/A";
    "<interactive>";
    "tb.v";
    "design.v";
