#! /c/Source/iverilog-install/bin/vvp
:ivl_version "12.0 (devel)" "(s20150603-1110-g18392a46)";
:ivl_delay_selection "TYPICAL";
:vpi_time_precision + 0;
:vpi_module "C:\iverilog\lib\ivl\system.vpi";
:vpi_module "C:\iverilog\lib\ivl\vhdl_sys.vpi";
:vpi_module "C:\iverilog\lib\ivl\vhdl_textio.vpi";
:vpi_module "C:\iverilog\lib\ivl\v2005_math.vpi";
:vpi_module "C:\iverilog\lib\ivl\va_math.vpi";
S_00000252f3f597a0 .scope module, "tb" "tb" 2 1;
 .timescale 0 0;
v00000252f3f5ec70_0 .var "a", 0 0;
v00000252f3fa53a0_0 .var "b", 0 0;
v00000252f3fa5440_0 .net "cout", 0 0, L_00000252f3f5bde0;  1 drivers
v00000252f3fa54e0_0 .var/i "i", 31 0;
v00000252f3fa5580_0 .net "sum", 0 0, L_00000252f3f5ed10;  1 drivers
S_00000252f3fa5210 .scope module, "dut" "ha" 2 8, 3 1 0, S_00000252f3f597a0;
 .timescale 0 0;
    .port_info 0 /INPUT 1 "a";
    .port_info 1 /INPUT 1 "b";
    .port_info 2 /OUTPUT 1 "sum";
    .port_info 3 /OUTPUT 1 "cout";
L_00000252f3f5ed10 .functor XOR 1, v00000252f3f5ec70_0, v00000252f3fa53a0_0, C4<0>, C4<0>;
L_00000252f3f5bde0 .functor AND 1, v00000252f3f5ec70_0, v00000252f3fa53a0_0, C4<1>, C4<1>;
v00000252f3f72de0_0 .net "a", 0 0, v00000252f3f5ec70_0;  1 drivers
v00000252f3f593c0_0 .net "b", 0 0, v00000252f3fa53a0_0;  1 drivers
v00000252f3f72910_0 .net "cout", 0 0, L_00000252f3f5bde0;  alias, 1 drivers
v00000252f3f5bd40_0 .net "sum", 0 0, L_00000252f3f5ed10;  alias, 1 drivers
    .scope S_00000252f3f597a0;
T_0 ;
    %vpi_call 2 16 "$dumpfile", "ha.vcd" {0 0 0};
    %vpi_call 2 17 "$dumpvars", 32'sb00000000000000000000000000000000, S_00000252f3f597a0 {0 0 0};
    %pushi/vec4 0, 0, 1;
    %assign/vec4 v00000252f3f5ec70_0, 0;
    %pushi/vec4 0, 0, 1;
    %assign/vec4 v00000252f3fa53a0_0, 0;
    %vpi_call 2 22 "$monitor", "a=%0b b=%0b sum=%0b cout=%0b", v00000252f3f5ec70_0, v00000252f3fa53a0_0, v00000252f3fa5580_0, v00000252f3fa5440_0 {0 0 0};
    %pushi/vec4 0, 0, 32;
    %store/vec4 v00000252f3fa54e0_0, 0, 32;
T_0.0 ;
    %load/vec4 v00000252f3fa54e0_0;
    %cmpi/s 4, 0, 32;
    %jmp/0xz T_0.1, 5;
    %load/vec4 v00000252f3fa54e0_0;
    %pad/s 2;
    %split/vec4 1;
    %store/vec4 v00000252f3fa53a0_0, 0, 1;
    %store/vec4 v00000252f3f5ec70_0, 0, 1;
    %delay 10, 0;
    %load/vec4 v00000252f3fa54e0_0;
    %addi 1, 0, 32;
    %store/vec4 v00000252f3fa54e0_0, 0, 32;
    %jmp T_0.0;
T_0.1 ;
    %end;
    .thread T_0;
# The file index is used to find the file name in the following table.
:file_names 4;
    "N/A";
    "<interactive>";
    ".\tb.v";
    ".\design.v";
